0 verbose cli D:\Program Files\nodejs\node.exe C:\Users\CarlosS\AppData\Roaming\npm\node_modules\npm\bin\npm-cli.js
1 info using npm@8.14.0
2 info using node@v14.17.0
3 timing npm:load:whichnode Completed in 0ms
4 timing config:load:defaults Completed in 3ms
5 timing config:load:file:C:\Users\CarlosS\AppData\Roaming\npm\node_modules\npm\npmrc Completed in 10ms
6 timing config:load:builtin Completed in 11ms
7 timing config:load:cli Completed in 3ms
8 timing config:load:env Completed in 1ms
9 timing config:load:file:C:\Users\CarlosS\Desktop\AtividadeTeste\ProjetoLabeNinja\ninjalab\.npmrc Completed in 0ms
10 timing config:load:project Completed in 3ms
11 timing config:load:file:C:\Users\CarlosS\.npmrc Completed in 1ms
12 timing config:load:user Completed in 1ms
13 timing config:load:file:C:\Users\CarlosS\AppData\Roaming\npm\etc\npmrc Completed in 1ms
14 timing config:load:global Completed in 1ms
15 timing config:load:validate Completed in 1ms
16 timing config:load:credentials Completed in 1ms
17 timing config:load:setEnvs Completed in 2ms
18 timing config:load Completed in 27ms
19 timing npm:load:configload Completed in 27ms
20 timing npm:load:mkdirpcache Completed in 1ms
21 timing npm:load:mkdirplogs Completed in 1ms
22 verbose title npm i styled-components
23 verbose argv "i" "styled-components"
24 timing npm:load:setTitle Completed in 2ms
25 timing config:load:flatten Completed in 5ms
26 timing npm:load:display Completed in 7ms
27 verbose logfile logs-max:10 dir:C:\Users\CarlosS\Desktop\AtividadeTeste\ProjetoLabeNinja\ninjalab\tmpnodejsnpm-cache\_logs
28 verbose logfile C:\Users\CarlosS\Desktop\AtividadeTeste\ProjetoLabeNinja\ninjalab\tmpnodejsnpm-cache\_logs\2022-07-19T21_44_58_433Z-debug-0.log
29 timing npm:load:logFile Completed in 10ms
30 timing npm:load:timers Completed in 0ms
31 timing npm:load:configScope Completed in 0ms
32 timing npm:load Completed in 50ms
33 timing arborist:ctor Completed in 1ms
34 silly logfile done cleaning log files
35 timing idealTree:init Completed in 1875ms
36 timing idealTree:userRequests Completed in 5ms
37 silly idealTree buildDeps
38 silly fetch manifest styled-components@*
39 timing arborist:ctor Completed in 0ms
40 http fetch GET 200 https://registry.npmjs.org/styled-components 4138ms (cache miss)
41 silly fetch manifest react@^18.2.0
42 http fetch GET 200 https://registry.npmjs.org/react 280ms (cache miss)
43 silly fetch manifest react-dom@^18.2.0
44 http fetch GET 200 https://registry.npmjs.org/react-dom 299ms (cache miss)
45 silly fetch manifest react-is@>= 16.8.0
46 http fetch GET 200 https://registry.npmjs.org/react-is 302ms (cache miss)
47 silly placeDep ROOT styled-components@5.3.5 OK for: ninjalab@0.1.0 want: *
48 silly fetch manifest @emotion/is-prop-valid@^1.1.0
49 silly fetch manifest @emotion/stylis@^0.8.4
50 silly fetch manifest @emotion/unitless@^0.7.4
51 silly fetch manifest babel-plugin-styled-components@>= 1.12.0
52 silly fetch manifest css-to-react-native@^3.0.0
53 silly fetch manifest hoist-non-react-statics@^3.0.0
54 silly fetch manifest shallowequal@^1.1.0
55 http fetch GET 200 https://registry.npmjs.org/@emotion%2fstylis 182ms (cache miss)
56 http fetch GET 200 https://registry.npmjs.org/shallowequal 293ms (cache miss)
57 http fetch GET 200 https://registry.npmjs.org/@emotion%2funitless 314ms (cache miss)
58 http fetch GET 200 https://registry.npmjs.org/hoist-non-react-statics 1125ms (cache miss)
59 http fetch GET 200 https://registry.npmjs.org/css-to-react-native 1164ms (cache miss)
60 http fetch GET 200 https://registry.npmjs.org/babel-plugin-styled-components 1225ms (cache miss)
61 http fetch GET 200 https://registry.npmjs.org/@emotion%2fis-prop-valid 1648ms (cache miss)
62 timing idealTree:#root Completed in 6757ms
63 silly fetch manifest styled-components@>= 2
64 silly fetch manifest react@>= 16.8.0
65 silly fetch manifest react-dom@>= 16.8.0
66 silly placeDep ROOT @emotion/is-prop-valid@1.1.3 OK for: styled-components@5.3.5 want: ^1.1.0
67 silly placeDep ROOT @emotion/stylis@0.8.5 OK for: styled-components@5.3.5 want: ^0.8.4
68 silly placeDep ROOT @emotion/unitless@0.7.5 OK for: styled-components@5.3.5 want: ^0.7.4
69 silly placeDep ROOT babel-plugin-styled-components@2.0.7 OK for: styled-components@5.3.5 want: >= 1.12.0
70 silly placeDep ROOT css-to-react-native@3.0.0 OK for: styled-components@5.3.5 want: ^3.0.0
71 silly placeDep ROOT hoist-non-react-statics@3.3.2 OK for: styled-components@5.3.5 want: ^3.0.0
72 silly placeDep ROOT shallowequal@1.1.0 OK for: styled-components@5.3.5 want: ^1.1.0
73 silly fetch manifest @emotion/memoize@^0.7.4
74 silly fetch manifest babel-plugin-syntax-jsx@^6.18.0
75 silly fetch manifest camelize@^1.0.0
76 silly fetch manifest css-color-keywords@^1.0.0
77 silly fetch manifest react-is@^16.7.0
78 http fetch GET 200 https://registry.npmjs.org/camelize 141ms (cache miss)
79 http fetch GET 200 https://registry.npmjs.org/css-color-keywords 149ms (cache miss)
80 http fetch GET 200 https://registry.npmjs.org/@emotion%2fmemoize 681ms (cache miss)
81 http fetch GET 200 https://registry.npmjs.org/babel-plugin-syntax-jsx 1038ms (cache miss)
82 timing idealTree:node_modules/styled-components Completed in 1257ms
83 silly placeDep ROOT @emotion/memoize@0.7.5 OK for: @emotion/is-prop-valid@1.1.3 want: ^0.7.4
84 timing idealTree:node_modules/@emotion/is-prop-valid Completed in 2ms
85 timing idealTree:node_modules/@emotion/memoize Completed in 0ms
86 timing idealTree:node_modules/@emotion/stylis Completed in 0ms
87 timing idealTree:node_modules/@emotion/unitless Completed in 0ms
88 silly placeDep ROOT babel-plugin-syntax-jsx@6.18.0 OK for: babel-plugin-styled-components@2.0.7 want: ^6.18.0
89 timing idealTree:node_modules/babel-plugin-styled-components Completed in 4ms
90 timing idealTree:node_modules/babel-plugin-syntax-jsx Completed in 0ms
91 silly placeDep ROOT camelize@1.0.0 OK for: css-to-react-native@3.0.0 want: ^1.0.0
92 silly placeDep ROOT css-color-keywords@1.0.0 OK for: css-to-react-native@3.0.0 want: ^1.0.0
93 timing idealTree:node_modules/css-to-react-native Completed in 5ms
94 timing idealTree:node_modules/camelize Completed in 0ms
95 timing idealTree:node_modules/css-color-keywords Completed in 0ms
96 silly placeDep node_modules/hoist-non-react-statics react-is@16.13.1 OK for: hoist-non-react-statics@3.3.2 want: ^16.7.0
97 timing idealTree:node_modules/hoist-non-react-statics Completed in 2ms
98 timing idealTree:node_modules/shallowequal Completed in 0ms
99 timing idealTree:node_modules/hoist-non-react-statics/node_modules/react-is Completed in 0ms
100 timing idealTree:buildDeps Completed in 8030ms
101 timing idealTree:fixDepFlags Completed in 34ms
102 timing idealTree Completed in 10007ms
103 timing reify:loadTrees Completed in 10011ms
104 timing reify:diffTrees Completed in 120ms
105 silly reify moves {}
106 timing reify:retireShallow Completed in 2ms
107 timing reify:createSparse Completed in 11ms
108 timing reify:loadBundles Completed in 0ms
109 silly audit bulk request {
109 silly audit   '@ampproject/remapping': [ '2.2.0' ],
109 silly audit   '@babel/code-frame': [ '7.18.6' ],
109 silly audit   '@babel/compat-data': [ '7.18.8' ],
109 silly audit   '@babel/core': [ '7.18.9' ],
109 silly audit   semver: [ '6.3.0', '7.0.0', '7.3.7' ],
109 silly audit   '@babel/eslint-parser': [ '7.18.9' ],
109 silly audit   'eslint-scope': [ '5.1.1', '7.1.1' ],
109 silly audit   'eslint-visitor-keys': [ '2.1.0', '3.3.0' ],
109 silly audit   estraverse: [ '4.3.0', '5.3.0' ],
109 silly audit   '@babel/generator': [ '7.18.9' ],
109 silly audit   '@jridgewell/gen-mapping': [ '0.3.2', '0.1.1' ],
109 silly audit   '@babel/helper-annotate-as-pure': [ '7.18.6' ],
109 silly audit   '@babel/helper-builder-binary-assignment-operator-visitor': [ '7.18.9' ],
109 silly audit   '@babel/helper-compilation-targets': [ '7.18.9' ],
109 silly audit   '@babel/helper-create-class-features-plugin': [ '7.18.9' ],
109 silly audit   '@babel/helper-create-regexp-features-plugin': [ '7.18.6' ],
109 silly audit   '@babel/helper-define-polyfill-provider': [ '0.3.1' ],
109 silly audit   '@babel/helper-environment-visitor': [ '7.18.9' ],
109 silly audit   '@babel/helper-explode-assignable-expression': [ '7.18.6' ],
109 silly audit   '@babel/helper-function-name': [ '7.18.9' ],
109 silly audit   '@babel/helper-hoist-variables': [ '7.18.6' ],
109 silly audit   '@babel/helper-member-expression-to-functions': [ '7.18.9' ],
109 silly audit   '@babel/helper-module-imports': [ '7.18.6' ],
109 silly audit   '@babel/helper-module-transforms': [ '7.18.9' ],
109 silly audit   '@babel/helper-optimise-call-expression': [ '7.18.6' ],
109 silly audit   '@babel/helper-plugin-utils': [ '7.18.9' ],
109 silly audit   '@babel/helper-remap-async-to-generator': [ '7.18.9' ],
109 silly audit   '@babel/helper-replace-supers': [ '7.18.9' ],
109 silly audit   '@babel/helper-simple-access': [ '7.18.6' ],
109 silly audit   '@babel/helper-skip-transparent-expression-wrappers': [ '7.18.9' ],
109 silly audit   '@babel/helper-split-export-declaration': [ '7.18.6' ],
109 silly audit   '@babel/helper-validator-identifier': [ '7.18.6' ],
109 silly audit   '@babel/helper-validator-option': [ '7.18.6' ],
109 silly audit   '@babel/helper-wrap-function': [ '7.18.9' ],
109 silly audit   '@babel/helpers': [ '7.18.9' ],
109 silly audit   '@babel/highlight': [ '7.18.6' ],
109 silly audit   '@babel/parser': [ '7.18.9' ],
109 silly audit   '@babel/plugin-bugfix-safari-id-destructuring-collision-in-function-expression': [ '7.18.6' ],
109 silly audit   '@babel/plugin-bugfix-v8-spread-parameters-in-optional-chaining': [ '7.18.9' ],
109 silly audit   '@babel/plugin-proposal-async-generator-functions': [ '7.18.6' ],
109 silly audit   '@babel/plugin-proposal-class-properties': [ '7.18.6' ],
109 silly audit   '@babel/plugin-proposal-class-static-block': [ '7.18.6' ],
109 silly audit   '@babel/plugin-proposal-decorators': [ '7.18.9' ],
109 silly audit   '@babel/plugin-proposal-dynamic-import': [ '7.18.6' ],
109 silly audit   '@babel/plugin-proposal-export-namespace-from': [ '7.18.9' ],
109 silly audit   '@babel/plugin-proposal-json-strings': [ '7.18.6' ],
109 silly audit   '@babel/plugin-proposal-logical-assignment-operators': [ '7.18.9' ],
109 silly audit   '@babel/plugin-proposal-nullish-coalescing-operator': [ '7.18.6' ],
109 silly audit   '@babel/plugin-proposal-numeric-separator': [ '7.18.6' ],
109 silly audit   '@babel/plugin-proposal-object-rest-spread': [ '7.18.9' ],
109 silly audit   '@babel/plugin-proposal-optional-catch-binding': [ '7.18.6' ],
109 silly audit   '@babel/plugin-proposal-optional-chaining': [ '7.18.9' ],
109 silly audit   '@babel/plugin-proposal-private-methods': [ '7.18.6' ],
109 silly audit   '@babel/plugin-proposal-private-property-in-object': [ '7.18.6' ],
109 silly audit   '@babel/plugin-proposal-unicode-property-regex': [ '7.18.6' ],
109 silly audit   '@babel/plugin-syntax-async-generators': [ '7.8.4' ],
109 silly audit   '@babel/plugin-syntax-bigint': [ '7.8.3' ],
109 silly audit   '@babel/plugin-syntax-class-properties': [ '7.12.13' ],
109 silly audit   '@babel/plugin-syntax-class-static-block': [ '7.14.5' ],
109 silly audit   '@babel/plugin-syntax-decorators': [ '7.18.6' ],
109 silly audit   '@babel/plugin-syntax-dynamic-import': [ '7.8.3' ],
109 silly audit   '@babel/plugin-syntax-export-namespace-from': [ '7.8.3' ],
109 silly audit   '@babel/plugin-syntax-flow': [ '7.18.6' ],
109 silly audit   '@babel/plugin-syntax-import-assertions': [ '7.18.6' ],
109 silly audit   '@babel/plugin-syntax-import-meta': [ '7.10.4' ],
109 silly audit   '@babel/plugin-syntax-json-strings': [ '7.8.3' ],
109 silly audit   '@babel/plugin-syntax-jsx': [ '7.18.6' ],
109 silly audit   '@babel/plugin-syntax-logical-assignment-operators': [ '7.10.4' ],
109 silly audit   '@babel/plugin-syntax-nullish-coalescing-operator': [ '7.8.3' ],
109 silly audit   '@babel/plugin-syntax-numeric-separator': [ '7.10.4' ],
109 silly audit   '@babel/plugin-syntax-object-rest-spread': [ '7.8.3' ],
109 silly audit   '@babel/plugin-syntax-optional-catch-binding': [ '7.8.3' ],
109 silly audit   '@babel/plugin-syntax-optional-chaining': [ '7.8.3' ],
109 silly audit   '@babel/plugin-syntax-private-property-in-object': [ '7.14.5' ],
109 silly audit   '@babel/plugin-syntax-top-level-await': [ '7.14.5' ],
109 silly audit   '@babel/plugin-syntax-typescript': [ '7.18.6' ],
109 silly audit   '@babel/plugin-transform-arrow-functions': [ '7.18.6' ],
109 silly audit   '@babel/plugin-transform-async-to-generator': [ '7.18.6' ],
109 silly audit   '@babel/plugin-transform-block-scoped-functions': [ '7.18.6' ],
109 silly audit   '@babel/plugin-transform-block-scoping': [ '7.18.9' ],
109 silly audit   '@babel/plugin-transform-classes': [ '7.18.9' ],
109 silly audit   '@babel/plugin-transform-computed-properties': [ '7.18.9' ],
109 silly audit   '@babel/plugin-transform-destructuring': [ '7.18.9' ],
109 silly audit   '@babel/plugin-transform-dotall-regex': [ '7.18.6' ],
109 silly audit   '@babel/plugin-transform-duplicate-keys': [ '7.18.9' ],
109 silly audit   '@babel/plugin-transform-exponentiation-operator': [ '7.18.6' ],
109 silly audit   '@babel/plugin-transform-flow-strip-types': [ '7.18.9' ],
109 silly audit   '@babel/plugin-transform-for-of': [ '7.18.8' ],
109 silly audit   '@babel/plugin-transform-function-name': [ '7.18.9' ],
109 silly audit   '@babel/plugin-transform-literals': [ '7.18.9' ],
109 silly audit   '@babel/plugin-transform-member-expression-literals': [ '7.18.6' ],
109 silly audit   '@babel/plugin-transform-modules-amd': [ '7.18.6' ],
109 silly audit   '@babel/plugin-transform-modules-commonjs': [ '7.18.6' ],
109 silly audit   '@babel/plugin-transform-modules-systemjs': [ '7.18.9' ],
109 silly audit   '@babel/plugin-transform-modules-umd': [ '7.18.6' ],
109 silly audit   '@babel/plugin-transform-named-capturing-groups-regex': [ '7.18.6' ],
109 silly audit   '@babel/plugin-transform-new-target': [ '7.18.6' ],
109 silly audit   '@babel/plugin-transform-object-super': [ '7.18.6' ],
109 silly audit   '@babel/plugin-transform-parameters': [ '7.18.8' ],
109 silly audit   '@babel/plugin-transform-property-literals': [ '7.18.6' ],
109 silly audit   '@babel/plugin-transform-react-constant-elements': [ '7.18.9' ],
109 silly audit   '@babel/plugin-transform-react-display-name': [ '7.18.6' ],
109 silly audit   '@babel/plugin-transform-react-jsx': [ '7.18.6' ],
109 silly audit   '@babel/plugin-transform-react-jsx-development': [ '7.18.6' ],
109 silly audit   '@babel/plugin-transform-react-pure-annotations': [ '7.18.6' ],
109 silly audit   '@babel/plugin-transform-regenerator': [ '7.18.6' ],
109 silly audit   '@babel/plugin-transform-reserved-words': [ '7.18.6' ],
109 silly audit   '@babel/plugin-transform-runtime': [ '7.18.9' ],
109 silly audit   '@babel/plugin-transform-shorthand-properties': [ '7.18.6' ],
109 silly audit   '@babel/plugin-transform-spread': [ '7.18.9' ],
109 silly audit   '@babel/plugin-transform-sticky-regex': [ '7.18.6' ],
109 silly audit   '@babel/plugin-transform-template-literals': [ '7.18.9' ],
109 silly audit   '@babel/plugin-transform-typeof-symbol': [ '7.18.9' ],
109 silly audit   '@babel/plugin-transform-typescript': [ '7.18.8' ],
109 silly audit   '@babel/plugin-transform-unicode-escapes': [ '7.18.6' ],
109 silly audit   '@babel/plugin-transform-unicode-regex': [ '7.18.6' ],
109 silly audit   '@babel/preset-env': [ '7.18.9' ],
109 silly audit   '@babel/preset-modules': [ '0.1.5' ],
109 silly audit   '@babel/preset-react': [ '7.18.6' ],
109 silly audit   '@babel/preset-typescript': [ '7.18.6' ],
109 silly audit   '@babel/runtime': [ '7.18.9' ],
109 silly audit   '@babel/runtime-corejs3': [ '7.18.9' ],
109 silly audit   '@babel/template': [ '7.18.6' ],
109 silly audit   '@babel/traverse': [ '7.18.9' ],
109 silly audit   '@babel/types': [ '7.18.9' ],
109 silly audit   '@bcoe/v8-coverage': [ '0.2.3' ],
109 silly audit   '@csstools/normalize.css': [ '12.0.0' ],
109 silly audit   '@csstools/postcss-cascade-layers': [ '1.0.5' ],
109 silly audit   '@csstools/postcss-color-function': [ '1.1.1' ],
109 silly audit   '@csstools/postcss-font-format-keywords': [ '1.0.1' ],
109 silly audit   '@csstools/postcss-hwb-function': [ '1.0.2' ],
109 silly audit   '@csstools/postcss-ic-unit': [ '1.0.1' ],
109 silly audit   '@csstools/postcss-is-pseudo-class': [ '2.0.7' ],
109 silly audit   '@csstools/postcss-normalize-display-values': [ '1.0.1' ],
109 silly audit   '@csstools/postcss-oklab-function': [ '1.1.1' ],
109 silly audit   '@csstools/postcss-progressive-custom-properties': [ '1.3.0' ],
109 silly audit   '@csstools/postcss-stepped-value-functions': [ '1.0.1' ],
109 silly audit   '@csstools/postcss-trigonometric-functions': [ '1.0.2' ],
109 silly audit   '@csstools/postcss-unset-value': [ '1.0.2' ],
109 silly audit   '@csstools/selector-specificity': [ '2.0.2' ],
109 silly audit   '@eslint/eslintrc': [ '1.3.0' ],
109 silly audit   argparse: [ '2.0.1', '1.0.10' ],
109 silly audit   globals: [ '13.16.0', '11.12.0' ],
109 silly audit   'js-yaml': [ '4.1.0', '3.14.1' ],
109 silly audit   'type-fest': [ '0.20.2', '0.16.0', '0.21.3' ],
109 silly audit   '@humanwhocodes/config-array': [ '0.9.5' ],
109 silly audit   '@humanwhocodes/object-schema': [ '1.2.1' ],
109 silly audit   '@istanbuljs/load-nyc-config': [ '1.1.0' ],
109 silly audit   camelcase: [ '5.3.1', '6.3.0' ],
109 silly audit   'find-up': [ '4.1.0', '2.1.0', '5.0.0', '3.0.0' ],
109 silly audit   'locate-path': [ '5.0.0', '2.0.0', '6.0.0', '3.0.0' ],
109 silly audit   'p-limit': [ '2.3.0', '1.3.0', '3.1.0' ],
109 silly audit   'p-locate': [ '4.1.0', '2.0.0', '5.0.0', '3.0.0' ],
109 silly audit   '@istanbuljs/schema': [ '0.1.3' ],
109 silly audit   '@jest/console': [ '27.5.1', '28.1.3' ],
109 silly audit   'ansi-styles': [ '4.3.0', '5.2.0', '3.2.1' ],
109 silly audit   chalk: [ '4.1.2', '3.0.0', '2.4.2' ],
109 silly audit   'color-convert': [ '2.0.1', '1.9.3' ],
109 silly audit   'color-name': [ '1.1.4', '1.1.3' ],
109 silly audit   'has-flag': [ '4.0.0', '3.0.0' ],
109 silly audit   'supports-color': [ '7.2.0', '8.1.1', '5.5.0' ],
109 silly audit   '@jest/core': [ '27.5.1' ],
109 silly audit   '@jest/environment': [ '27.5.1' ],
109 silly audit   '@jest/fake-timers': [ '27.5.1' ],
109 silly audit   '@jest/globals': [ '27.5.1' ],
109 silly audit   '@jest/reporters': [ '27.5.1' ],
109 silly audit   'source-map': [ '0.6.1', '0.7.4', '0.8.0-beta.0' ],
109 silly audit   '@jest/schemas': [ '28.1.3' ],
109 silly audit   '@jest/source-map': [ '27.5.1' ],
109 silly audit   '@jest/test-result': [ '27.5.1', '28.1.3' ],
109 silly audit   '@jest/test-sequencer': [ '27.5.1' ],
109 silly audit   '@jest/transform': [ '27.5.1' ],
109 silly audit   '@jest/types': [ '27.5.1', '28.1.3' ],
109 silly audit   '@jridgewell/resolve-uri': [ '3.1.0' ],
109 silly audit   '@jridgewell/set-array': [ '1.1.2' ],
109 silly audit   '@jridgewell/source-map': [ '0.3.2' ],
109 silly audit   '@jridgewell/sourcemap-codec': [ '1.4.14' ],
109 silly audit   '@jridgewell/trace-mapping': [ '0.3.14' ],
109 silly audit   '@leichtgewicht/ip-codec': [ '2.0.4' ],
109 silly audit   '@nodelib/fs.scandir': [ '2.1.5' ],
109 silly audit   '@nodelib/fs.stat': [ '2.0.5' ],
109 silly audit   '@nodelib/fs.walk': [ '1.2.8' ],
109 silly audit   '@pmmmwh/react-refresh-webpack-plugin': [ '0.5.7' ],
109 silly audit   '@rollup/plugin-babel': [ '5.3.1' ],
109 silly audit   '@rollup/plugin-node-resolve': [ '11.2.1' ],
109 silly audit   '@rollup/plugin-replace': [ '2.4.2' ],
109 silly audit   '@rollup/pluginutils': [ '3.1.0' ],
109 silly audit   '@types/estree': [ '0.0.39', '1.0.0', '0.0.51' ],
109 silly audit   '@rushstack/eslint-patch': [ '1.1.4' ],
109 silly audit   '@sinclair/typebox': [ '0.24.20' ],
109 silly audit   '@sinonjs/commons': [ '1.8.3' ],
109 silly audit   '@sinonjs/fake-timers': [ '8.1.0' ],
109 silly audit   '@surma/rollup-plugin-off-main-thread': [ '2.2.3' ],
109 silly audit   '@svgr/babel-plugin-add-jsx-attribute': [ '5.4.0' ],
109 silly audit   '@svgr/babel-plugin-remove-jsx-attribute': [ '5.4.0' ],
109 silly audit   '@svgr/babel-plugin-remove-jsx-empty-expression': [ '5.0.1' ],
109 silly audit   '@svgr/babel-plugin-replace-jsx-attribute-value': [ '5.0.1' ],
109 silly audit   '@svgr/babel-plugin-svg-dynamic-title': [ '5.4.0' ],
109 silly audit   '@svgr/babel-plugin-svg-em-dimensions': [ '5.4.0' ],
109 silly audit   '@svgr/babel-plugin-transform-react-native-svg': [ '5.4.0' ],
109 silly audit   '@svgr/babel-plugin-transform-svg-component': [ '5.5.0' ],
109 silly audit   '@svgr/babel-preset': [ '5.5.0' ],
109 silly audit   '@svgr/core': [ '5.5.0' ],
109 silly audit   '@svgr/hast-util-to-babel-ast': [ '5.5.0' ],
109 silly audit   '@svgr/plugin-jsx': [ '5.5.0' ],
109 silly audit   '@svgr/plugin-svgo': [ '5.5.0' ],
109 silly audit   '@svgr/webpack': [ '5.5.0' ],
109 silly audit   '@testing-library/dom': [ '8.16.0' ],
109 silly audit   'aria-query': [ '5.0.0', '4.2.2' ],
109 silly audit   '@testing-library/jest-dom': [ '5.16.4' ],
109 silly audit   '@testing-library/react': [ '13.3.0' ],
109 silly audit   '@testing-library/user-event': [ '13.5.0' ],
109 silly audit   '@tootallnate/once': [ '1.1.2' ],
109 silly audit   '@trysound/sax': [ '0.2.0' ],
109 silly audit   '@types/aria-query': [ '4.2.2' ],
109 silly audit   '@types/babel__core': [ '7.1.19' ],
109 silly audit   '@types/babel__generator': [ '7.6.4' ],
109 silly audit   '@types/babel__template': [ '7.4.1' ],
109 silly audit   '@types/babel__traverse': [ '7.17.1' ],
109 silly audit   '@types/body-parser': [ '1.19.2' ],
109 silly audit   '@types/bonjour': [ '3.5.10' ],
109 silly audit   '@types/connect': [ '3.4.35' ],
109 silly audit   '@types/connect-history-api-fallback': [ '1.3.5' ],
109 silly audit   '@types/eslint': [ '8.4.5' ],
109 silly audit   '@types/eslint-scope': [ '3.7.4' ],
109 silly audit   '@types/express': [ '4.17.13' ],
109 silly audit   '@types/express-serve-static-core': [ '4.17.29' ],
109 silly audit   '@types/graceful-fs': [ '4.1.5' ],
109 silly audit   '@types/html-minifier-terser': [ '6.1.0' ],
109 silly audit   '@types/http-proxy': [ '1.17.9' ],
109 silly audit   '@types/istanbul-lib-coverage': [ '2.0.4' ],
109 silly audit   '@types/istanbul-lib-report': [ '3.0.0' ],
109 silly audit   '@types/istanbul-reports': [ '3.0.1' ],
109 silly audit   '@types/jest': [ '28.1.6' ],
109 silly audit   'diff-sequences': [ '28.1.1', '27.5.1' ],
109 silly audit   'jest-diff': [ '28.1.3', '27.5.1' ],
109 silly audit   'jest-get-type': [ '28.0.2', '27.5.1' ],
109 silly audit   'jest-matcher-utils': [ '28.1.3', '27.5.1' ],
109 silly audit   'pretty-format': [ '28.1.3', '27.5.1' ],
109 silly audit   'react-is': [ '18.2.0', '16.13.1', '17.0.2' ],
109 silly audit   '@types/json-schema': [ '7.0.11' ],
109 silly audit   '@types/json5': [ '0.0.29' ],
109 silly audit   '@types/mime': [ '1.3.2' ],
109 silly audit   '@types/node': [ '18.0.6' ],
109 silly audit   '@types/parse-json': [ '4.0.0' ],
109 silly audit   '@types/prettier': [ '2.6.3' ],
109 silly audit   '@types/prop-types': [ '15.7.5' ],
109 silly audit   '@types/q': [ '1.5.5' ],
109 silly audit   '@types/qs': [ '6.9.7' ],
109 silly audit   '@types/range-parser': [ '1.2.4' ],
109 silly audit   '@types/react': [ '18.0.15' ],
109 silly audit   '@types/react-dom': [ '18.0.6' ],
109 silly audit   '@types/resolve': [ '1.17.1' ],
109 silly audit   '@types/retry': [ '0.12.0' ],
109 silly audit   '@types/scheduler': [ '0.16.2' ],
109 silly audit   '@types/serve-index': [ '1.9.1' ],
109 silly audit   '@types/serve-static': [ '1.13.10' ],
109 silly audit   '@types/sockjs': [ '0.3.33' ],
109 silly audit   '@types/stack-utils': [ '2.0.1' ],
109 silly audit   '@types/testing-library__jest-dom': [ '5.14.5' ],
109 silly audit   '@types/trusted-types': [ '2.0.2' ],
109 silly audit   '@types/ws': [ '8.5.3' ],
109 silly audit   '@types/yargs': [ '16.0.4', '17.0.10' ],
109 silly audit   '@types/yargs-parser': [ '21.0.0' ],
109 silly audit   '@typescript-eslint/eslint-plugin': [ '5.30.7' ],
109 silly audit   '@typescript-eslint/experimental-utils': [ '5.30.7' ],
109 silly audit   '@typescript-eslint/parser': [ '5.30.7' ],
109 silly audit   '@typescript-eslint/scope-manager': [ '5.30.7' ],
109 silly audit   '@typescript-eslint/type-utils': [ '5.30.7' ],
109 silly audit   '@typescript-eslint/types': [ '5.30.7' ],
109 silly audit   '@typescript-eslint/typescript-estree': [ '5.30.7' ],
109 silly audit   '@typescript-eslint/utils': [ '5.30.7' ],
109 silly audit   '@typescript-eslint/visitor-keys': [ '5.30.7' ],
109 silly audit   '@webassemblyjs/ast': [ '1.11.1' ],
109 silly audit   '@webassemblyjs/floating-point-hex-parser': [ '1.11.1' ],
109 silly audit   '@webassemblyjs/helper-api-error': [ '1.11.1' ],
109 silly audit   '@webassemblyjs/helper-buffer': [ '1.11.1' ],
109 silly audit   '@webassemblyjs/helper-numbers': [ '1.11.1' ],
109 silly audit   '@webassemblyjs/helper-wasm-bytecode': [ '1.11.1' ],
109 silly audit   '@webassemblyjs/helper-wasm-section': [ '1.11.1' ],
109 silly audit   '@webassemblyjs/ieee754': [ '1.11.1' ],
109 silly audit   '@webassemblyjs/leb128': [ '1.11.1' ],
109 silly audit   '@webassemblyjs/utf8': [ '1.11.1' ],
109 silly audit   '@webassemblyjs/wasm-edit': [ '1.11.1' ],
109 silly audit   '@webassemblyjs/wasm-gen': [ '1.11.1' ],
109 silly audit   '@webassemblyjs/wasm-opt': [ '1.11.1' ],
109 silly audit   '@webassemblyjs/wasm-parser': [ '1.11.1' ],
109 silly audit   '@webassemblyjs/wast-printer': [ '1.11.1' ],
109 silly audit   '@xtuc/ieee754': [ '1.2.0' ],
109 silly audit   '@xtuc/long': [ '4.2.2' ],
109 silly audit   abab: [ '2.0.6' ],
109 silly audit   accepts: [ '1.3.8' ],
109 silly audit   acorn: [ '8.7.1', '7.4.1' ],
109 silly audit   'acorn-globals': [ '6.0.0' ],
109 silly audit   'acorn-import-assertions': [ '1.8.0' ],
109 silly audit   'acorn-jsx': [ '5.3.2' ],
109 silly audit   'acorn-node': [ '1.8.2' ],
109 silly audit   'acorn-walk': [ '7.2.0' ],
109 silly audit   address: [ '1.2.0' ],
109 silly audit   'adjust-sourcemap-loader': [ '4.0.0' ],
109 silly audit   'agent-base': [ '6.0.2' ],
109 silly audit   ajv: [ '6.12.6', '8.11.0' ],
109 silly audit   'ajv-formats': [ '2.1.1' ],
109 silly audit   'json-schema-traverse': [ '1.0.0', '0.4.1' ],
109 silly audit   'ajv-keywords': [ '3.5.2', '5.1.0' ],
109 silly audit   'ansi-escapes': [ '4.3.2' ],
109 silly audit   'ansi-html-community': [ '0.0.8' ],
109 silly audit   'ansi-regex': [ '5.0.1', '6.0.1' ],
109 silly audit   anymatch: [ '3.1.2' ],
109 silly audit   arg: [ '5.0.2' ],
109 silly audit   'array-flatten': [ '2.1.2', '1.1.1' ],
109 silly audit   'array-includes': [ '3.1.5' ],
109 silly audit   'array-union': [ '2.1.0' ],
109 silly audit   'array.prototype.flat': [ '1.3.0' ],
109 silly audit   'array.prototype.flatmap': [ '1.3.0' ],
109 silly audit   'array.prototype.reduce': [ '1.0.4' ],
109 silly audit   asap: [ '2.0.6' ],
109 silly audit   'ast-types-flow': [ '0.0.7' ],
109 silly audit   async: [ '3.2.4' ],
109 silly audit   asynckit: [ '0.4.0' ],
109 silly audit   'at-least-node': [ '1.0.0' ],
109 silly audit   atob: [ '2.1.2' ],
109 silly audit   autoprefixer: [ '10.4.7' ],
109 silly audit   'axe-core': [ '4.4.3' ],
109 silly audit   axios: [ '0.27.2' ],
109 silly audit   'form-data': [ '4.0.0', '3.0.1' ],
109 silly audit   'axobject-query': [ '2.2.0' ],
109 silly audit   'babel-jest': [ '27.5.1' ],
109 silly audit   'babel-loader': [ '8.2.5' ],
109 silly audit   'schema-utils': [ '2.7.1', '4.0.0', '2.7.0', '3.1.1' ],
109 silly audit   'babel-plugin-dynamic-import-node': [ '2.3.3' ],
109 silly audit   'babel-plugin-istanbul': [ '6.1.1' ],
109 silly audit   'babel-plugin-jest-hoist': [ '27.5.1' ],
109 silly audit   'babel-plugin-macros': [ '3.1.0' ],
109 silly audit   'babel-plugin-named-asset-import': [ '0.3.8' ],
109 silly audit   'babel-plugin-polyfill-corejs2': [ '0.3.1' ],
109 silly audit   'babel-plugin-polyfill-corejs3': [ '0.5.2' ],
109 silly audit   'babel-plugin-polyfill-regenerator': [ '0.3.1' ],
109 silly audit   'babel-plugin-transform-react-remove-prop-types': [ '0.4.24' ],
109 silly audit   'babel-preset-current-node-syntax': [ '1.0.1' ],
109 silly audit   'babel-preset-jest': [ '27.5.1' ],
109 silly audit   'babel-preset-react-app': [ '10.0.1' ],
109 silly audit   'balanced-match': [ '1.0.2' ],
109 silly audit   batch: [ '0.6.1' ],
109 silly audit   bfj: [ '7.0.2' ],
109 silly audit   'big.js': [ '5.2.2' ],
109 silly audit   'binary-extensions': [ '2.2.0' ],
109 silly audit   bluebird: [ '3.7.2' ],
109 silly audit   'body-parser': [ '1.20.0' ],
109 silly audit   bytes: [ '3.1.2', '3.0.0' ],
109 silly audit   debug: [ '2.6.9', '4.3.4', '3.2.7' ],
109 silly audit   'iconv-lite': [ '0.4.24', '0.6.3' ],
109 silly audit   ms: [ '2.0.0', '2.1.2', '2.1.3' ],
109 silly audit   'bonjour-service': [ '1.0.13' ],
109 silly audit   boolbase: [ '1.0.0' ],
109 silly audit   'brace-expansion': [ '1.1.11', '2.0.1' ],
109 silly audit   braces: [ '3.0.2' ],
109 silly audit   'browser-process-hrtime': [ '1.0.0' ],
109 silly audit   browserslist: [ '4.21.2' ],
109 silly audit   bser: [ '2.1.1' ],
109 silly audit   'buffer-from': [ '1.1.2' ],
109 silly audit   'builtin-modules': [ '3.3.0' ],
109 silly audit   'call-bind': [ '1.0.2' ],
109 silly audit   callsites: [ '3.1.0' ],
109 silly audit   'camel-case': [ '4.1.2' ],
109 silly audit   'camelcase-css': [ '2.0.1' ],
109 silly audit   'caniuse-api': [ '3.0.0' ],
109 silly audit   'caniuse-lite': [ '1.0.30001367' ],
109 silly audit   'case-sensitive-paths-webpack-plugin': [ '2.4.0' ],
109 silly audit   'char-regex': [ '1.0.2', '2.0.1' ],
109 silly audit   'check-types': [ '11.1.2' ],
109 silly audit   chokidar: [ '3.5.3' ],
109 silly audit   'glob-parent': [ '5.1.2', '6.0.2' ],
109 silly audit   'chrome-trace-event': [ '1.0.3' ],
109 silly audit   'ci-info': [ '3.3.2' ],
109 silly audit   'cjs-module-lexer': [ '1.2.2' ],
109 silly audit   'clean-css': [ '5.3.1' ],
109 silly audit   cliui: [ '7.0.4' ],
109 silly audit   co: [ '4.6.0' ],
109 silly audit   coa: [ '2.0.2' ],
109 silly audit   'collect-v8-coverage': [ '1.0.1' ],
109 silly audit   colord: [ '2.9.2' ],
109 silly audit   colorette: [ '2.0.19' ],
109 silly audit   'combined-stream': [ '1.0.8' ],
109 silly audit   commander: [ '8.3.0', '7.2.0', '2.20.3' ],
109 silly audit   'common-path-prefix': [ '3.0.0' ],
109 silly audit   'common-tags': [ '1.8.2' ],
109 silly audit   commondir: [ '1.0.1' ],
109 silly audit   compressible: [ '2.0.18' ],
109 silly audit   compression: [ '1.7.4' ],
109 silly audit   'concat-map': [ '0.0.1' ],
109 silly audit   'confusing-browser-globals': [ '1.0.11' ],
109 silly audit   'connect-history-api-fallback': [ '2.0.0' ],
109 silly audit   'content-disposition': [ '0.5.4' ],
109 silly audit   'safe-buffer': [ '5.2.1', '5.1.2' ],
109 silly audit   'content-type': [ '1.0.4' ],
109 silly audit   'convert-source-map': [ '1.8.0' ],
109 silly audit   cookie: [ '0.5.0' ],
109 silly audit   'cookie-signature': [ '1.0.6' ],
109 silly audit   'core-js': [ '3.23.5' ],
109 silly audit   'core-js-compat': [ '3.23.5' ],
109 silly audit   'core-js-pure': [ '3.23.5' ],
109 silly audit   'core-util-is': [ '1.0.3' ],
109 silly audit   cosmiconfig: [ '7.0.1', '6.0.0' ],
109 silly audit   'cross-spawn': [ '7.0.3' ],
109 silly audit   'crypto-random-string': [ '2.0.0' ],
109 silly audit   css: [ '3.0.0' ],
109 silly audit   'css-blank-pseudo': [ '3.0.3' ],
109 silly audit   'css-declaration-sorter': [ '6.3.0' ],
109 silly audit   'css-has-pseudo': [ '3.0.4' ],
109 silly audit   'css-loader': [ '6.7.1' ],
109 silly audit   'css-minimizer-webpack-plugin': [ '3.4.1' ],
109 silly audit   'css-prefers-color-scheme': [ '6.0.3' ],
109 silly audit   'css-select': [ '4.3.0', '2.1.0' ],
109 silly audit   'css-select-base-adapter': [ '0.1.1' ],
109 silly audit   'css-tree': [ '1.0.0-alpha.37', '1.1.3' ],
109 silly audit   'css-what': [ '6.1.0', '3.4.2' ],
109 silly audit   'css.escape': [ '1.5.1' ],
109 silly audit   cssdb: [ '6.6.3' ],
109 silly audit   cssesc: [ '3.0.0' ],
109 silly audit   cssnano: [ '5.1.12' ],
109 silly audit   'cssnano-preset-default': [ '5.2.12' ],
109 silly audit   'cssnano-utils': [ '3.1.0' ],
109 silly audit   csso: [ '4.2.0' ],
109 silly audit   'mdn-data': [ '2.0.14', '2.0.4' ],
109 silly audit   cssom: [ '0.4.4', '0.3.8' ],
109 silly audit   cssstyle: [ '2.3.0' ],
109 silly audit   csstype: [ '3.1.0' ],
109 silly audit   'damerau-levenshtein': [ '1.0.8' ],
109 silly audit   'data-urls': [ '2.0.0' ],
109 silly audit   'decimal.js': [ '10.3.1' ],
109 silly audit   'decode-uri-component': [ '0.2.0' ],
109 silly audit   dedent: [ '0.7.0' ],
109 silly audit   'deep-is': [ '0.1.4' ],
109 silly audit   deepmerge: [ '4.2.2' ],
109 silly audit   'default-gateway': [ '6.0.3' ],
109 silly audit   'define-lazy-prop': [ '2.0.0' ],
109 silly audit   'define-properties': [ '1.1.4' ],
109 silly audit   defined: [ '1.0.0' ],
109 silly audit   'delayed-stream': [ '1.0.0' ],
109 silly audit   depd: [ '2.0.0', '1.1.2' ],
109 silly audit   destroy: [ '1.2.0' ],
109 silly audit   'detect-newline': [ '3.1.0' ],
109 silly audit   'detect-node': [ '2.1.0' ],
109 silly audit   'detect-port-alt': [ '1.1.6' ],
109 silly audit   detective: [ '5.2.1' ],
109 silly audit   didyoumean: [ '1.2.2' ],
109 silly audit   'dir-glob': [ '3.0.1' ],
109 silly audit   dlv: [ '1.1.3' ],
109 silly audit   'dns-equal': [ '1.0.0' ],
109 silly audit   'dns-packet': [ '5.4.0' ],
109 silly audit   doctrine: [ '3.0.0', '2.1.0' ],
109 silly audit   'dom-accessibility-api': [ '0.5.14' ],
109 silly audit   'dom-converter': [ '0.2.0' ],
109 silly audit   'dom-serializer': [ '1.4.1', '0.2.2' ],
109 silly audit   domelementtype: [ '2.3.0', '1.3.1' ],
109 silly audit   domexception: [ '2.0.1' ],
109 silly audit   'webidl-conversions': [ '5.0.0', '6.1.0', '4.0.2' ],
109 silly audit   domhandler: [ '4.3.1' ],
109 silly audit   domutils: [ '2.8.0', '1.7.0' ],
109 silly audit   'dot-case': [ '3.0.4' ],
109 silly audit   dotenv: [ '10.0.0' ],
109 silly audit   'dotenv-expand': [ '5.1.0' ],
109 silly audit   duplexer: [ '0.1.2' ],
109 silly audit   'ee-first': [ '1.1.1' ],
109 silly audit   ejs: [ '3.1.8' ],
109 silly audit   'electron-to-chromium': [ '1.4.194' ],
109 silly audit   emittery: [ '0.8.1', '0.10.2' ],
109 silly audit   'emoji-regex': [ '9.2.2', '8.0.0' ],
109 silly audit   'emojis-list': [ '3.0.0' ],
109 silly audit   encodeurl: [ '1.0.2' ],
109 silly audit   'enhanced-resolve': [ '5.10.0' ],
109 silly audit   entities: [ '2.2.0' ],
109 silly audit   'error-ex': [ '1.3.2' ],
109 silly audit   'error-stack-parser': [ '2.1.4' ],
109 silly audit   'es-abstract': [ '1.20.1' ],
109 silly audit   'es-array-method-boxes-properly': [ '1.0.0' ],
109 silly audit   'es-module-lexer': [ '0.9.3' ],
109 silly audit   'es-shim-unscopables': [ '1.0.0' ],
109 silly audit   'es-to-primitive': [ '1.2.1' ],
109 silly audit   escalade: [ '3.1.1' ],
109 silly audit   'escape-html': [ '1.0.3' ],
109 silly audit   'escape-string-regexp': [ '1.0.5', '4.0.0', '2.0.0' ],
109 silly audit   escodegen: [ '2.0.0' ],
109 silly audit   levn: [ '0.3.0', '0.4.1' ],
109 silly audit   optionator: [ '0.8.3', '0.9.1' ],
109 silly audit   'prelude-ls': [ '1.1.2', '1.2.1' ],
109 silly audit   'type-check': [ '0.3.2', '0.4.0' ],
109 silly audit   eslint: [ '8.20.0' ],
109 silly audit   'eslint-config-react-app': [ '7.0.1' ],
109 silly audit   'eslint-import-resolver-node': [ '0.3.6' ],
109 silly audit   'eslint-module-utils': [ '2.7.3' ],
109 silly audit   'p-try': [ '1.0.0', '2.2.0' ],
109 silly audit   'path-exists': [ '3.0.0', '4.0.0' ],
109 silly audit   'eslint-plugin-flowtype': [ '8.0.3' ],
109 silly audit   'eslint-plugin-import': [ '2.26.0' ],
109 silly audit   'eslint-plugin-jest': [ '25.7.0' ],
109 silly audit   'eslint-plugin-jsx-a11y': [ '6.6.0' ],
109 silly audit   'eslint-plugin-react': [ '7.30.1' ],
109 silly audit   'eslint-plugin-react-hooks': [ '4.6.0' ],
109 silly audit   resolve: [ '2.0.0-next.4', '1.22.1' ],
109 silly audit   'eslint-plugin-testing-library': [ '5.5.1' ],
109 silly audit   'eslint-utils': [ '3.0.0' ],
109 silly audit   'eslint-webpack-plugin': [ '3.2.0' ],
109 silly audit   'jest-worker': [ '28.1.3', '27.5.1', '26.6.2' ],
109 silly audit   espree: [ '9.3.2' ],
109 silly audit   esprima: [ '4.0.1' ],
109 silly audit   esquery: [ '1.4.0' ],
109 silly audit   esrecurse: [ '4.3.0' ],
109 silly audit   'estree-walker': [ '1.0.1' ],
109 silly audit   esutils: [ '2.0.3' ],
109 silly audit   etag: [ '1.8.1' ],
109 silly audit   eventemitter3: [ '4.0.7' ],
109 silly audit   events: [ '3.3.0' ],
109 silly audit   execa: [ '5.1.1' ],
109 silly audit   exit: [ '0.1.2' ],
109 silly audit   expect: [ '27.5.1' ],
109 silly audit   express: [ '4.18.1' ],
109 silly audit   'fast-deep-equal': [ '3.1.3' ],
109 silly audit   'fast-glob': [ '3.2.11' ],
109 silly audit   'fast-json-stable-stringify': [ '2.1.0' ],
109 silly audit   'fast-levenshtein': [ '2.0.6' ],
109 silly audit   fastq: [ '1.13.0' ],
109 silly audit   'faye-websocket': [ '0.11.4' ],
109 silly audit   'fb-watchman': [ '2.0.1' ],
109 silly audit   'file-entry-cache': [ '6.0.1' ],
109 silly audit   'file-loader': [ '6.2.0' ],
109 silly audit   filelist: [ '1.0.4' ],
109 silly audit   minimatch: [ '5.1.0', '3.1.2', '3.0.4' ],
109 silly audit   filesize: [ '8.0.7' ],
109 silly audit   'fill-range': [ '7.0.1' ],
109 silly audit   finalhandler: [ '1.2.0' ],
109 silly audit   'find-cache-dir': [ '3.3.2' ],
109 silly audit   'flat-cache': [ '3.0.4' ],
109 silly audit   flatted: [ '3.2.6' ],
109 silly audit   'follow-redirects': [ '1.15.1' ],
109 silly audit   'fork-ts-checker-webpack-plugin': [ '6.5.2' ],
109 silly audit   'fs-extra': [ '9.1.0', '10.1.0' ],
109 silly audit   tapable: [ '1.1.3', '2.2.1' ],
109 silly audit   forwarded: [ '0.2.0' ],
109 silly audit   'fraction.js': [ '4.2.0' ],
109 silly audit   fresh: [ '0.5.2' ],
109 silly audit   'fs-monkey': [ '1.0.3' ],
109 silly audit   'fs.realpath': [ '1.0.0' ],
109 silly audit   fsevents: [ '2.3.2' ],
109 silly audit   'function-bind': [ '1.1.1' ],
109 silly audit   'function.prototype.name': [ '1.1.5' ],
109 silly audit   'functional-red-black-tree': [ '1.0.1' ],
109 silly audit   'functions-have-names': [ '1.2.3' ],
109 silly audit   gensync: [ '1.0.0-beta.2' ],
109 silly audit   'get-caller-file': [ '2.0.5' ],
109 silly audit   'get-intrinsic': [ '1.1.2' ],
109 silly audit   'get-own-enumerable-property-symbols': [ '3.0.2' ],
109 silly audit   'get-package-type': [ '0.1.0' ],
109 silly audit   'get-stream': [ '6.0.1' ],
109 silly audit   'get-symbol-description': [ '1.0.0' ],
109 silly audit   glob: [ '7.2.3' ],
109 silly audit   'glob-to-regexp': [ '0.4.1' ],
109 silly audit   'global-modules': [ '2.0.0' ],
109 silly audit   'global-prefix': [ '3.0.0' ],
109 silly audit   which: [ '1.3.1', '2.0.2' ],
109 silly audit   globby: [ '11.1.0' ],
109 silly audit   'graceful-fs': [ '4.2.10' ],
109 silly audit   'gzip-size': [ '6.0.0' ],
109 silly audit   'handle-thing': [ '2.0.1' ],
109 silly audit   'harmony-reflect': [ '1.6.2' ],
109 silly audit   has: [ '1.0.3' ],
109 silly audit   'has-bigints': [ '1.0.2' ],
109 silly audit   'has-property-descriptors': [ '1.0.0' ],
109 silly audit   'has-symbols': [ '1.0.3' ],
109 silly audit   'has-tostringtag': [ '1.0.0' ],
109 silly audit   he: [ '1.2.0' ],
109 silly audit   hoopy: [ '0.1.4' ],
109 silly audit   'hpack.js': [ '2.1.6' ],
109 silly audit   'readable-stream': [ '2.3.7', '3.6.0' ],
109 silly audit   string_decoder: [ '1.1.1', '1.3.0' ],
109 silly audit   'html-encoding-sniffer': [ '2.0.1' ],
109 silly audit   'html-entities': [ '2.3.3' ],
109 silly audit   'html-escaper': [ '2.0.2' ],
109 silly audit   'html-minifier-terser': [ '6.1.0' ],
109 silly audit   'html-webpack-plugin': [ '5.5.0' ],
109 silly audit   htmlparser2: [ '6.1.0' ],
109 silly audit   'http-deceiver': [ '1.2.7' ],
109 silly audit   'http-errors': [ '2.0.0', '1.6.3' ],
109 silly audit   'http-parser-js': [ '0.5.8' ],
109 silly audit   'http-proxy': [ '1.18.1' ],
109 silly audit   'http-proxy-agent': [ '4.0.1' ],
109 silly audit   'http-proxy-middleware': [ '2.0.6' ],
109 silly audit   'https-proxy-agent': [ '5.0.1' ],
109 silly audit   'human-signals': [ '2.1.0' ],
109 silly audit   'icss-utils': [ '5.1.0' ],
109 silly audit   idb: [ '6.1.5' ],
109 silly audit   'identity-obj-proxy': [ '3.0.0' ],
109 silly audit   ignore: [ '5.2.0' ],
109 silly audit   immer: [ '9.0.15' ],
109 silly audit   'import-fresh': [ '3.3.0' ],
109 silly audit   'resolve-from': [ '4.0.0', '5.0.0' ],
109 silly audit   'import-local': [ '3.1.0' ],
109 silly audit   imurmurhash: [ '0.1.4' ],
109 silly audit   'indent-string': [ '4.0.0' ],
109 silly audit   inflight: [ '1.0.6' ],
109 silly audit   inherits: [ '2.0.4', '2.0.3' ],
109 silly audit   ini: [ '1.3.8' ],
109 silly audit   'internal-slot': [ '1.0.3' ],
109 silly audit   'ipaddr.js': [ '2.0.1', '1.9.1' ],
109 silly audit   'is-arrayish': [ '0.2.1' ],
109 silly audit   'is-bigint': [ '1.0.4' ],
109 silly audit   'is-binary-path': [ '2.1.0' ],
109 silly audit   'is-boolean-object': [ '1.1.2' ],
109 silly audit   'is-callable': [ '1.2.4' ],
109 silly audit   'is-core-module': [ '2.9.0' ],
109 silly audit   'is-date-object': [ '1.0.5' ],
109 silly audit   'is-docker': [ '2.2.1' ],
109 silly audit   'is-extglob': [ '2.1.1' ],
109 silly audit   'is-fullwidth-code-point': [ '3.0.0' ],
109 silly audit   'is-generator-fn': [ '2.1.0' ],
109 silly audit   'is-glob': [ '4.0.3' ],
109 silly audit   'is-module': [ '1.0.0' ],
109 silly audit   'is-negative-zero': [ '2.0.2' ],
109 silly audit   'is-number': [ '7.0.0' ],
109 silly audit   'is-number-object': [ '1.0.7' ],
109 silly audit   'is-obj': [ '1.0.1' ],
109 silly audit   'is-plain-obj': [ '3.0.0' ],
109 silly audit   'is-potential-custom-element-name': [ '1.0.1' ],
109 silly audit   'is-regex': [ '1.1.4' ],
109 silly audit   'is-regexp': [ '1.0.0' ],
109 silly audit   'is-root': [ '2.1.0' ],
109 silly audit   'is-shared-array-buffer': [ '1.0.2' ],
109 silly audit   'is-stream': [ '2.0.1' ],
109 silly audit   'is-string': [ '1.0.7' ],
109 silly audit   'is-symbol': [ '1.0.4' ],
109 silly audit   'is-typedarray': [ '1.0.0' ],
109 silly audit   'is-weakref': [ '1.0.2' ],
109 silly audit   'is-wsl': [ '2.2.0' ],
109 silly audit   isarray: [ '1.0.0' ],
109 silly audit   isexe: [ '2.0.0' ],
109 silly audit   'istanbul-lib-coverage': [ '3.2.0' ],
109 silly audit   'istanbul-lib-instrument': [ '5.2.0' ],
109 silly audit   'istanbul-lib-report': [ '3.0.0' ],
109 silly audit   'istanbul-lib-source-maps': [ '4.0.1' ],
109 silly audit   'istanbul-reports': [ '3.1.5' ],
109 silly audit   jake: [ '10.8.5' ],
109 silly audit   jest: [ '27.5.1' ],
109 silly audit   'jest-changed-files': [ '27.5.1' ],
109 silly audit   'jest-circus': [ '27.5.1' ],
109 silly audit   'jest-cli': [ '27.5.1' ],
109 silly audit   'jest-config': [ '27.5.1' ],
109 silly audit   'jest-docblock': [ '27.5.1' ],
109 silly audit   'jest-each': [ '27.5.1' ],
109 silly audit   'jest-environment-jsdom': [ '27.5.1' ],
109 silly audit   'jest-environment-node': [ '27.5.1' ],
109 silly audit   'jest-haste-map': [ '27.5.1' ],
109 silly audit   'jest-jasmine2': [ '27.5.1' ],
109 silly audit   'jest-leak-detector': [ '27.5.1' ],
109 silly audit   'jest-message-util': [ '27.5.1', '28.1.3' ],
109 silly audit   'jest-mock': [ '27.5.1' ],
109 silly audit   'jest-pnp-resolver': [ '1.2.2' ],
109 silly audit   'jest-regex-util': [ '27.5.1', '28.0.2' ],
109 silly audit   'jest-resolve': [ '27.5.1' ],
109 silly audit   'jest-resolve-dependencies': [ '27.5.1' ],
109 silly audit   'jest-runner': [ '27.5.1' ],
109 silly audit   'jest-runtime': [ '27.5.1' ],
109 silly audit   'jest-serializer': [ '27.5.1' ],
109 silly audit   'jest-snapshot': [ '27.5.1' ],
109 silly audit   'jest-util': [ '27.5.1', '28.1.3' ],
109 silly audit   'jest-validate': [ '27.5.1' ],
109 silly audit   'jest-watch-typeahead': [ '1.1.0' ],
109 silly audit   slash: [ '3.0.0', '4.0.0' ],
109 silly audit   'jest-watcher': [ '28.1.3', '27.5.1' ],
109 silly audit   'string-length': [ '4.0.2', '5.0.1' ],
109 silly audit   'strip-ansi': [ '6.0.1', '7.0.1' ],
109 silly audit   'js-tokens': [ '4.0.0' ],
109 silly audit   jsdom: [ '16.7.0' ],
109 silly audit   jsesc: [ '2.5.2', '0.5.0' ],
109 silly audit   'json-parse-even-better-errors': [ '2.3.1' ],
109 silly audit   'json-schema': [ '0.4.0' ],
109 silly audit   'json-stable-stringify-without-jsonify': [ '1.0.1' ],
109 silly audit   json5: [ '2.2.1', '1.0.1' ],
109 silly audit   jsonfile: [ '6.1.0' ],
109 silly audit   jsonpointer: [ '5.0.1' ],
109 silly audit   'jsx-ast-utils': [ '3.3.2' ],
109 silly audit   'kind-of': [ '6.0.3' ],
109 silly audit   kleur: [ '3.0.3' ],
109 silly audit   klona: [ '2.0.5' ],
109 silly audit   'language-subtag-registry': [ '0.3.22' ],
109 silly audit   'language-tags': [ '1.0.5' ],
109 silly audit   leven: [ '3.1.0' ],
109 silly audit   lilconfig: [ '2.0.6' ],
109 silly audit   'lines-and-columns': [ '1.2.4' ],
109 silly audit   'loader-runner': [ '4.3.0' ],
109 silly audit   'loader-utils': [ '2.0.2', '3.2.0' ],
109 silly audit   lodash: [ '4.17.21' ],
109 silly audit   'lodash.debounce': [ '4.0.8' ],
109 silly audit   'lodash.memoize': [ '4.1.2' ],
109 silly audit   'lodash.merge': [ '4.6.2' ],
109 silly audit   'lodash.sortby': [ '4.7.0' ],
109 silly audit   'lodash.uniq': [ '4.5.0' ],
109 silly audit   'loose-envify': [ '1.4.0' ],
109 silly audit   'lower-case': [ '2.0.2' ],
109 silly audit   'lru-cache': [ '6.0.0' ],
109 silly audit   'lz-string': [ '1.4.4' ],
109 silly audit   'magic-string': [ '0.25.9' ],
109 silly audit   'make-dir': [ '3.1.0' ],
109 silly audit   makeerror: [ '1.0.12' ],
109 silly audit   'media-typer': [ '0.3.0' ],
109 silly audit   memfs: [ '3.4.7' ],
109 silly audit   'merge-descriptors': [ '1.0.1' ],
109 silly audit   'merge-stream': [ '2.0.0' ],
109 silly audit   merge2: [ '1.4.1' ],
109 silly audit   methods: [ '1.1.2' ],
109 silly audit   micromatch: [ '4.0.5' ],
109 silly audit   mime: [ '1.6.0' ],
109 silly audit   'mime-db': [ '1.52.0' ],
109 silly audit   'mime-types': [ '2.1.35' ],
109 silly audit   'mimic-fn': [ '2.1.0' ],
109 silly audit   'min-indent': [ '1.0.1' ],
109 silly audit   'mini-css-extract-plugin': [ '2.6.1' ],
109 silly audit   'minimalistic-assert': [ '1.0.1' ],
109 silly audit   minimist: [ '1.2.6' ],
109 silly audit   mkdirp: [ '0.5.6' ],
109 silly audit   'multicast-dns': [ '7.2.5' ],
109 silly audit   nanoid: [ '3.3.4' ],
109 silly audit   'natural-compare': [ '1.4.0' ],
109 silly audit   negotiator: [ '0.6.3' ],
109 silly audit   'neo-async': [ '2.6.2' ],
109 silly audit   'no-case': [ '3.0.4' ],
109 silly audit   'node-forge': [ '1.3.1' ],
109 silly audit   'node-int64': [ '0.4.0' ],
109 silly audit   'node-releases': [ '2.0.6' ],
109 silly audit   'normalize-path': [ '3.0.0' ],
109 silly audit   'normalize-range': [ '0.1.2' ],
109 silly audit   'normalize-url': [ '6.1.0' ],
109 silly audit   'npm-run-path': [ '4.0.1' ],
109 silly audit   'nth-check': [ '2.1.1', '1.0.2' ],
109 silly audit   nwsapi: [ '2.2.1' ],
109 silly audit   'object-assign': [ '4.1.1' ],
109 silly audit   'object-hash': [ '3.0.0' ],
109 silly audit   'object-inspect': [ '1.12.2' ],
109 silly audit   'object-keys': [ '1.1.1' ],
109 silly audit   'object.assign': [ '4.1.2' ],
109 silly audit   'object.entries': [ '1.1.5' ],
109 silly audit   'object.fromentries': [ '2.0.5' ],
109 silly audit   'object.getownpropertydescriptors': [ '2.1.4' ],
109 silly audit   'object.hasown': [ '1.1.1' ],
109 silly audit   'object.values': [ '1.1.5' ],
109 silly audit   obuf: [ '1.1.2' ],
109 silly audit   'on-finished': [ '2.4.1' ],
109 silly audit   'on-headers': [ '1.0.2' ],
109 silly audit   once: [ '1.4.0' ],
109 silly audit   onetime: [ '5.1.2' ],
109 silly audit   open: [ '8.4.0' ],
109 silly audit   'p-retry': [ '4.6.2' ],
109 silly audit   'param-case': [ '3.0.4' ],
109 silly audit   'parent-module': [ '1.0.1' ],
109 silly audit   'parse-json': [ '5.2.0' ],
109 silly audit   parse5: [ '6.0.1' ],
109 silly audit   parseurl: [ '1.3.3' ],
109 silly audit   'pascal-case': [ '3.1.2' ],
109 silly audit   'path-is-absolute': [ '1.0.1' ],
109 silly audit   'path-key': [ '3.1.1' ],
109 silly audit   'path-parse': [ '1.0.7' ],
109 silly audit   'path-to-regexp': [ '0.1.7' ],
109 silly audit   'path-type': [ '4.0.0' ],
109 silly audit   'performance-now': [ '2.1.0' ],
109 silly audit   picocolors: [ '1.0.0', '0.2.1' ],
109 silly audit   picomatch: [ '2.3.1' ],
109 silly audit   pify: [ '2.3.0' ],
109 silly audit   pirates: [ '4.0.5' ],
109 silly audit   'pkg-dir': [ '4.2.0' ],
109 silly audit   'pkg-up': [ '3.1.0' ],
109 silly audit   postcss: [ '8.4.14', '7.0.39' ],
109 silly audit   'postcss-attribute-case-insensitive': [ '5.0.2' ],
109 silly audit   'postcss-browser-comments': [ '4.0.0' ],
109 silly audit   'postcss-calc': [ '8.2.4' ],
109 silly audit   'postcss-clamp': [ '4.1.0' ],
109 silly audit   'postcss-color-functional-notation': [ '4.2.4' ],
109 silly audit   'postcss-color-hex-alpha': [ '8.0.4' ],
109 silly audit   'postcss-color-rebeccapurple': [ '7.1.1' ],
109 silly audit   'postcss-colormin': [ '5.3.0' ],
109 silly audit   'postcss-convert-values': [ '5.1.2' ],
109 silly audit   'postcss-custom-media': [ '8.0.2' ],
109 silly audit   'postcss-custom-properties': [ '12.1.8' ],
109 silly audit   'postcss-custom-selectors': [ '6.0.3' ],
109 silly audit   'postcss-dir-pseudo-class': [ '6.0.5' ],
109 silly audit   'postcss-discard-comments': [ '5.1.2' ],
109 silly audit   'postcss-discard-duplicates': [ '5.1.0' ],
109 silly audit   'postcss-discard-empty': [ '5.1.1' ],
109 silly audit   'postcss-discard-overridden': [ '5.1.0' ],
109 silly audit   'postcss-double-position-gradients': [ '3.1.2' ],
109 silly audit   'postcss-env-function': [ '4.0.6' ],
109 silly audit   'postcss-flexbugs-fixes': [ '5.0.2' ],
109 silly audit   'postcss-focus-visible': [ '6.0.4' ],
109 silly audit   'postcss-focus-within': [ '5.0.4' ],
109 silly audit   'postcss-font-variant': [ '5.0.0' ],
109 silly audit   'postcss-gap-properties': [ '3.0.5' ],
109 silly audit   'postcss-image-set-function': [ '4.0.7' ],
109 silly audit   'postcss-import': [ '14.1.0' ],
109 silly audit   'postcss-initial': [ '4.0.1' ],
109 silly audit   'postcss-js': [ '4.0.0' ],
109 silly audit   'postcss-lab-function': [ '4.2.1' ],
109 silly audit   'postcss-load-config': [ '3.1.4' ],
109 silly audit   'postcss-loader': [ '6.2.1' ],
109 silly audit   'postcss-logical': [ '5.0.4' ],
109 silly audit   'postcss-media-minmax': [ '5.0.0' ],
109 silly audit   'postcss-merge-longhand': [ '5.1.6' ],
109 silly audit   'postcss-merge-rules': [ '5.1.2' ],
109 silly audit   'postcss-minify-font-values': [ '5.1.0' ],
109 silly audit   'postcss-minify-gradients': [ '5.1.1' ],
109 silly audit   'postcss-minify-params': [ '5.1.3' ],
109 silly audit   'postcss-minify-selectors': [ '5.2.1' ],
109 silly audit   'postcss-modules-extract-imports': [ '3.0.0' ],
109 silly audit   'postcss-modules-local-by-default': [ '4.0.0' ],
109 silly audit   'postcss-modules-scope': [ '3.0.0' ],
109 silly audit   'postcss-modules-values': [ '4.0.0' ],
109 silly audit   'postcss-nested': [ '5.0.6' ],
109 silly audit   'postcss-nesting': [ '10.1.10' ],
109 silly audit   'postcss-normalize': [ '10.0.1' ],
109 silly audit   'postcss-normalize-charset': [ '5.1.0' ],
109 silly audit   'postcss-normalize-display-values': [ '5.1.0' ],
109 silly audit   'postcss-normalize-positions': [ '5.1.1' ],
109 silly audit   'postcss-normalize-repeat-style': [ '5.1.1' ],
109 silly audit   'postcss-normalize-string': [ '5.1.0' ],
109 silly audit   'postcss-normalize-timing-functions': [ '5.1.0' ],
109 silly audit   'postcss-normalize-unicode': [ '5.1.0' ],
109 silly audit   'postcss-normalize-url': [ '5.1.0' ],
109 silly audit   'postcss-normalize-whitespace': [ '5.1.1' ],
109 silly audit   'postcss-opacity-percentage': [ '1.1.2' ],
109 silly audit   'postcss-ordered-values': [ '5.1.3' ],
109 silly audit   'postcss-overflow-shorthand': [ '3.0.4' ],
109 silly audit   'postcss-page-break': [ '3.0.4' ],
109 silly audit   'postcss-place': [ '7.0.5' ],
109 silly audit   'postcss-preset-env': [ '7.7.2' ],
109 silly audit   'postcss-pseudo-class-any-link': [ '7.1.6' ],
109 silly audit   'postcss-reduce-initial': [ '5.1.0' ],
109 silly audit   'postcss-reduce-transforms': [ '5.1.0' ],
109 silly audit   'postcss-replace-overflow-wrap': [ '4.0.0' ],
109 silly audit   'postcss-selector-not': [ '6.0.1' ],
109 silly audit   'postcss-selector-parser': [ '6.0.10' ],
109 silly audit   'postcss-svgo': [ '5.1.0' ],
109 silly audit   svgo: [ '2.8.0', '1.3.2' ],
109 silly audit   'postcss-unique-selectors': [ '5.1.1' ],
109 silly audit   'postcss-value-parser': [ '4.2.0' ],
109 silly audit   'pretty-bytes': [ '5.6.0' ],
109 silly audit   'pretty-error': [ '4.0.0' ],
109 silly audit   'process-nextick-args': [ '2.0.1' ],
109 silly audit   promise: [ '8.1.0' ],
109 silly audit   prompts: [ '2.4.2' ],
109 silly audit   'prop-types': [ '15.8.1' ],
109 silly audit   'proxy-addr': [ '2.0.7' ],
109 silly audit   psl: [ '1.9.0' ],
109 silly audit   punycode: [ '2.1.1' ],
109 silly audit   q: [ '1.5.1' ],
109 silly audit   qs: [ '6.10.3' ],
109 silly audit   'queue-microtask': [ '1.2.3' ],
109 silly audit   'quick-lru': [ '5.1.1' ],
109 silly audit   raf: [ '3.4.1' ],
109 silly audit   randombytes: [ '2.1.0' ],
109 silly audit   'range-parser': [ '1.2.1' ],
109 silly audit   'raw-body': [ '2.5.1' ],
109 silly audit   react: [ '18.2.0' ],
109 silly audit   'react-app-polyfill': [ '3.0.0' ],
109 silly audit   'react-dev-utils': [ '12.0.1' ],
109 silly audit   'react-dom': [ '18.2.0' ],
109 silly audit   'react-error-overlay': [ '6.0.11' ],
109 silly audit   'react-refresh': [ '0.11.0' ],
109 silly audit   'react-scripts': [ '5.0.1' ],
109 silly audit   'read-cache': [ '1.0.0' ],
109 silly audit   readdirp: [ '3.6.0' ],
109 silly audit   'recursive-readdir': [ '2.2.2' ],
109 silly audit   redent: [ '3.0.0' ],
109 silly audit   regenerate: [ '1.4.2' ],
109 silly audit   'regenerate-unicode-properties': [ '10.0.1' ],
109 silly audit   'regenerator-runtime': [ '0.13.9' ],
109 silly audit   'regenerator-transform': [ '0.15.0' ],
109 silly audit   'regex-parser': [ '2.2.11' ],
109 silly audit   'regexp.prototype.flags': [ '1.4.3' ],
109 silly audit   regexpp: [ '3.2.0' ],
109 silly audit   'regexpu-core': [ '5.1.0' ],
109 silly audit   regjsgen: [ '0.6.0' ],
109 silly audit   regjsparser: [ '0.8.4' ],
109 silly audit   relateurl: [ '0.2.7' ],
109 silly audit   renderkid: [ '3.0.0' ],
109 silly audit   'require-directory': [ '2.1.1' ],
109 silly audit   'require-from-string': [ '2.0.2' ],
109 silly audit   'requires-port': [ '1.0.0' ],
109 silly audit   'resolve-cwd': [ '3.0.0' ],
109 silly audit   'resolve-url-loader': [ '4.0.0' ],
109 silly audit   'resolve.exports': [ '1.1.0' ],
109 silly audit   retry: [ '0.13.1' ],
109 silly audit   reusify: [ '1.0.4' ],
109 silly audit   rimraf: [ '3.0.2' ],
109 silly audit   rollup: [ '2.77.0' ],
109 silly audit   'rollup-plugin-terser': [ '7.0.2' ],
109 silly audit   'serialize-javascript': [ '4.0.0', '6.0.0' ],
109 silly audit   'run-parallel': [ '1.2.0' ],
109 silly audit   'safer-buffer': [ '2.1.2' ],
109 silly audit   'sanitize.css': [ '13.0.0' ],
109 silly audit   'sass-loader': [ '12.6.0' ],
109 silly audit   sax: [ '1.2.4' ],
109 silly audit   saxes: [ '5.0.1' ],
109 silly audit   scheduler: [ '0.23.0' ],
109 silly audit   'select-hose': [ '2.0.0' ],
109 silly audit   selfsigned: [ '2.0.1' ],
109 silly audit   send: [ '0.18.0' ],
109 silly audit   'serve-index': [ '1.9.1' ],
109 silly audit   setprototypeof: [ '1.1.0', '1.2.0' ],
109 silly audit   statuses: [ '1.5.0', '2.0.1' ],
109 silly audit   'serve-static': [ '1.15.0' ],
109 silly audit   'shebang-command': [ '2.0.0' ],
109 silly audit   'shebang-regex': [ '3.0.0' ],
109 silly audit   'shell-quote': [ '1.7.3' ],
109 silly audit   'side-channel': [ '1.0.4' ],
109 silly audit   'signal-exit': [ '3.0.7' ],
109 silly audit   sisteransi: [ '1.0.5' ],
109 silly audit   sockjs: [ '0.3.24' ],
109 silly audit   'source-list-map': [ '2.0.1' ],
109 silly audit   'source-map-js': [ '1.0.2' ],
109 silly audit   'source-map-loader': [ '3.0.1' ],
109 silly audit   'source-map-resolve': [ '0.6.0' ],
109 silly audit   'source-map-support': [ '0.5.21' ],
109 silly audit   'sourcemap-codec': [ '1.4.8' ],
109 silly audit   spdy: [ '4.0.2' ],
109 silly audit   'spdy-transport': [ '3.0.0' ],
109 silly audit   'sprintf-js': [ '1.0.3' ],
109 silly audit   stable: [ '0.1.8' ],
109 silly audit   'stack-utils': [ '2.0.5' ],
109 silly audit   stackframe: [ '1.3.4' ],
109 silly audit   'string-natural-compare': [ '3.0.1' ],
109 silly audit   'string-width': [ '4.2.3' ],
109 silly audit   'string.prototype.matchall': [ '4.0.7' ],
109 silly audit   'string.prototype.trimend': [ '1.0.5' ],
109 silly audit   'string.prototype.trimstart': [ '1.0.5' ],
109 silly audit   'stringify-object': [ '3.3.0' ],
109 silly audit   'strip-bom': [ '4.0.0', '3.0.0' ],
109 silly audit   'strip-comments': [ '2.0.1' ],
109 silly audit   'strip-final-newline': [ '2.0.0' ],
109 silly audit   'strip-indent': [ '3.0.0' ],
109 silly audit   'strip-json-comments': [ '3.1.1' ],
109 silly audit   'style-loader': [ '3.3.1' ],
109 silly audit   stylehacks: [ '5.1.0' ],
109 silly audit   'supports-hyperlinks': [ '2.2.0' ],
109 silly audit   'supports-preserve-symlinks-flag': [ '1.0.0' ],
109 silly audit   'svg-parser': [ '2.0.4' ],
109 silly audit   'symbol-tree': [ '3.2.4' ],
109 silly audit   tailwindcss: [ '3.1.6' ],
109 silly audit   'temp-dir': [ '2.0.0' ],
109 silly audit   tempy: [ '0.6.0' ],
109 silly audit   'terminal-link': [ '2.1.1' ],
109 silly audit   terser: [ '5.14.2' ],
109 silly audit   'terser-webpack-plugin': [ '5.3.3' ],
109 silly audit   'test-exclude': [ '6.0.0' ],
109 silly audit   'text-table': [ '0.2.0' ],
109 silly audit   throat: [ '6.0.1' ],
109 silly audit   thunky: [ '1.1.0' ],
109 silly audit   tmpl: [ '1.0.5' ],
109 silly audit   'to-fast-properties': [ '2.0.0' ],
109 silly audit   'to-regex-range': [ '5.0.1' ],
109 silly audit   toidentifier: [ '1.0.1' ],
109 silly audit   'tough-cookie': [ '4.0.0' ],
109 silly audit   universalify: [ '0.1.2', '2.0.0' ],
109 silly audit   tr46: [ '2.1.0', '1.0.1' ],
109 silly audit   tryer: [ '1.0.1' ],
109 silly audit   'tsconfig-paths': [ '3.14.1' ],
109 silly audit   tslib: [ '2.4.0', '1.14.1' ],
109 silly audit   tsutils: [ '3.21.0' ],
109 silly audit   'type-detect': [ '4.0.8' ],
109 silly audit   'type-is': [ '1.6.18' ],
109 silly audit   'typedarray-to-buffer': [ '3.1.5' ],
109 silly audit   typescript: [ '4.7.4' ],
109 silly audit   'unbox-primitive': [ '1.0.2' ],
109 silly audit   'unicode-canonical-property-names-ecmascript': [ '2.0.0' ],
109 silly audit   'unicode-match-property-ecmascript': [ '2.0.0' ],
109 silly audit   'unicode-match-property-value-ecmascript': [ '2.0.0' ],
109 silly audit   'unicode-property-aliases-ecmascript': [ '2.0.0' ],
109 silly audit   'unique-string': [ '2.0.0' ],
109 silly audit   unpipe: [ '1.0.0' ],
109 silly audit   unquote: [ '1.1.1' ],
109 silly audit   upath: [ '1.2.0' ],
109 silly audit   'update-browserslist-db': [ '1.0.5' ],
109 silly audit   'uri-js': [ '4.4.1' ],
109 silly audit   'util-deprecate': [ '1.0.2' ],
109 silly audit   'util.promisify': [ '1.0.1' ],
109 silly audit   utila: [ '0.4.0' ],
109 silly audit   'utils-merge': [ '1.0.1' ],
109 silly audit   uuid: [ '8.3.2' ],
109 silly audit   'v8-compile-cache': [ '2.3.0' ],
109 silly audit   'v8-to-istanbul': [ '8.1.1' ],
109 silly audit   vary: [ '1.1.2' ],
109 silly audit   'w3c-hr-time': [ '1.0.2' ],
109 silly audit   'w3c-xmlserializer': [ '2.0.0' ],
109 silly audit   walker: [ '1.0.8' ],
109 silly audit   watchpack: [ '2.4.0' ],
109 silly audit   wbuf: [ '1.7.3' ],
109 silly audit   'web-vitals': [ '2.1.4' ],
109 silly audit   webpack: [ '5.73.0' ],
109 silly audit   'webpack-dev-middleware': [ '5.3.3' ],
109 silly audit   'webpack-dev-server': [ '4.9.3' ],
109 silly audit   ws: [ '8.8.1', '7.5.9' ],
109 silly audit   'webpack-manifest-plugin': [ '4.1.1' ],
109 silly audit   'webpack-sources': [ '2.3.1', '3.2.3', '1.4.3' ],
109 silly audit   'websocket-driver': [ '0.7.4' ],
109 silly audit   'websocket-extensions': [ '0.1.4' ],
109 silly audit   'whatwg-encoding': [ '1.0.5' ],
109 silly audit   'whatwg-fetch': [ '3.6.2' ],
109 silly audit   'whatwg-mimetype': [ '2.3.0' ],
109 silly audit   'whatwg-url': [ '8.7.0', '7.1.0' ],
109 silly audit   'which-boxed-primitive': [ '1.0.2' ],
109 silly audit   'word-wrap': [ '1.2.3' ],
109 silly audit   'workbox-background-sync': [ '6.5.3' ],
109 silly audit   'workbox-broadcast-update': [ '6.5.3' ],
109 silly audit   'workbox-build': [ '6.5.3' ],
109 silly audit   '@apideck/better-ajv-errors': [ '0.3.6' ],
109 silly audit   'workbox-cacheable-response': [ '6.5.3' ],
109 silly audit   'workbox-core': [ '6.5.3' ],
109 silly audit   'workbox-expiration': [ '6.5.3' ],
109 silly audit   'workbox-google-analytics': [ '6.5.3' ],
109 silly audit   'workbox-navigation-preload': [ '6.5.3' ],
109 silly audit   'workbox-precaching': [ '6.5.3' ],
109 silly audit   'workbox-range-requests': [ '6.5.3' ],
109 silly audit   'workbox-recipes': [ '6.5.3' ],
109 silly audit   'workbox-routing': [ '6.5.3' ],
109 silly audit   'workbox-strategies': [ '6.5.3' ],
109 silly audit   'workbox-streams': [ '6.5.3' ],
109 silly audit   'workbox-sw': [ '6.5.3' ],
109 silly audit   'workbox-webpack-plugin': [ '6.5.3' ],
109 silly audit   'workbox-window': [ '6.5.3' ],
109 silly audit   'wrap-ansi': [ '7.0.0' ],
109 silly audit   wrappy: [ '1.0.2' ],
109 silly audit   'write-file-atomic': [ '3.0.3' ],
109 silly audit   'xml-name-validator': [ '3.0.0' ],
109 silly audit   xmlchars: [ '2.2.0' ],
109 silly audit   xtend: [ '4.0.2' ],
109 silly audit   y18n: [ '5.0.8' ],
109 silly audit   yallist: [ '4.0.0' ],
109 silly audit   yaml: [ '1.10.2' ],
109 silly audit   yargs: [ '16.2.0' ],
109 silly audit   'yargs-parser': [ '20.2.9' ],
109 silly audit   'yocto-queue': [ '0.1.0' ],
109 silly audit   'styled-components': [ '5.3.5' ],
109 silly audit   '@emotion/is-prop-valid': [ '1.1.3' ],
109 silly audit   '@emotion/stylis': [ '0.8.5' ],
109 silly audit   '@emotion/unitless': [ '0.7.5' ],
109 silly audit   'babel-plugin-styled-components': [ '2.0.7' ],
109 silly audit   'css-to-react-native': [ '3.0.0' ],
109 silly audit   'hoist-non-react-statics': [ '3.3.2' ],
109 silly audit   shallowequal: [ '1.1.0' ],
109 silly audit   '@emotion/memoize': [ '0.7.5' ],
109 silly audit   'babel-plugin-syntax-jsx': [ '6.18.0' ],
109 silly audit   camelize: [ '1.0.0' ],
109 silly audit   'css-color-keywords': [ '1.0.0' ]
109 silly audit }
110 verbose reify failed optional dependency C:\Users\CarlosS\Desktop\AtividadeTeste\ProjetoLabeNinja\ninjalab\node_modules\fsevents
111 silly reify mark deleted [
111 silly reify   'C:\\Users\\CarlosS\\Desktop\\AtividadeTeste\\ProjetoLabeNinja\\ninjalab\\node_modules\\fsevents'
111 silly reify ]
112 timing reifyNode:node_modules/fsevents Completed in 10ms
113 silly tarball no local data for css-color-keywords@https://registry.npmjs.org/css-color-keywords/-/css-color-keywords-1.0.0.tgz. Extracting by manifest.
114 silly tarball no local data for camelize@https://registry.npmjs.org/camelize/-/camelize-1.0.0.tgz. Extracting by manifest.
115 silly tarball no local data for @emotion/memoize@https://registry.npmjs.org/@emotion/memoize/-/memoize-0.7.5.tgz. Extracting by manifest.
116 silly tarball no local data for babel-plugin-syntax-jsx@https://registry.npmjs.org/babel-plugin-syntax-jsx/-/babel-plugin-syntax-jsx-6.18.0.tgz. Extracting by manifest.
117 silly tarball no local data for shallowequal@https://registry.npmjs.org/shallowequal/-/shallowequal-1.1.0.tgz. Extracting by manifest.
118 silly tarball no local data for css-to-react-native@https://registry.npmjs.org/css-to-react-native/-/css-to-react-native-3.0.0.tgz. Extracting by manifest.
119 silly tarball no local data for hoist-non-react-statics@https://registry.npmjs.org/hoist-non-react-statics/-/hoist-non-react-statics-3.3.2.tgz. Extracting by manifest.
120 silly tarball no local data for babel-plugin-styled-components@https://registry.npmjs.org/babel-plugin-styled-components/-/babel-plugin-styled-components-2.0.7.tgz. Extracting by manifest.
121 silly tarball no local data for @emotion/unitless@https://registry.npmjs.org/@emotion/unitless/-/unitless-0.7.5.tgz. Extracting by manifest.
122 silly tarball no local data for @emotion/stylis@https://registry.npmjs.org/@emotion/stylis/-/stylis-0.8.5.tgz. Extracting by manifest.
123 silly tarball no local data for @emotion/is-prop-valid@https://registry.npmjs.org/@emotion/is-prop-valid/-/is-prop-valid-1.1.3.tgz. Extracting by manifest.
124 silly tarball no local data for styled-components@https://registry.npmjs.org/styled-components/-/styled-components-5.3.5.tgz. Extracting by manifest.
125 silly tarball no local data for react-is@https://registry.npmjs.org/react-is/-/react-is-16.13.1.tgz. Extracting by manifest.
126 http fetch GET 200 https://registry.npmjs.org/css-color-keywords/-/css-color-keywords-1.0.0.tgz 215ms (cache miss)
127 http fetch GET 200 https://registry.npmjs.org/babel-plugin-syntax-jsx/-/babel-plugin-syntax-jsx-6.18.0.tgz 216ms (cache miss)
128 timing reifyNode:node_modules/babel-plugin-syntax-jsx Completed in 245ms
129 timing reifyNode:node_modules/css-color-keywords Completed in 249ms
130 http fetch GET 200 https://registry.npmjs.org/shallowequal/-/shallowequal-1.1.0.tgz 221ms (cache miss)
131 http fetch GET 200 https://registry.npmjs.org/@emotion/memoize/-/memoize-0.7.5.tgz 226ms (cache miss)
132 timing reifyNode:node_modules/shallowequal Completed in 258ms
133 http fetch GET 200 https://registry.npmjs.org/camelize/-/camelize-1.0.0.tgz 237ms (cache miss)
134 timing reifyNode:node_modules/camelize Completed in 265ms
135 timing reifyNode:node_modules/@emotion/memoize Completed in 274ms
136 http fetch POST 200 https://registry.npmjs.org/-/npm/v1/security/advisories/bulk 383ms
137 timing auditReport:getReport Completed in 423ms
138 silly audit report {
138 silly audit report   'nth-check': [
138 silly audit report     {
138 silly audit report       id: 1070415,
138 silly audit report       url: 'https://github.com/advisories/GHSA-rp65-9cf3-cjxr',
138 silly audit report       title: 'Inefficient Regular Expression Complexity in nth-check',
138 silly audit report       severity: 'high',
138 silly audit report       vulnerable_versions: '<2.0.1',
138 silly audit report       cwe: [Array],
138 silly audit report       cvss: [Object]
138 silly audit report     }
138 silly audit report   ]
138 silly audit report }
139 timing metavuln:cache:get:security-advisory:nth-check:q9W4Mnp2CLaC09BzzYywfkVmzHJt3Pfi70IxO1TfKO7ZrbohQ6/nxWo3z5u4rueV2a6cv2KwRNGkr8INdCPsAA== Completed in 20ms
140 http fetch GET 200 https://registry.npmjs.org/nth-check 57ms (cache hit)
141 timing metavuln:packument:nth-check Completed in 58ms
142 timing metavuln:load:security-advisory:nth-check:1070415 Completed in 0ms
143 timing metavuln:calculate:security-advisory:nth-check:1070415 Completed in 61ms
144 http fetch GET 200 https://registry.npmjs.org/react-is/-/react-is-16.13.1.tgz 406ms (cache miss)
145 timing reifyNode:node_modules/hoist-non-react-statics/node_modules/react-is Completed in 454ms
146 http fetch GET 200 https://registry.npmjs.org/hoist-non-react-statics/-/hoist-non-react-statics-3.3.2.tgz 429ms (cache miss)
147 timing metavuln:cache:get:security-advisory:css-select:Cxw9fRDewmSWmgz2FKrA6NxOmfFcZUbDmGpLvLcdHOYo/u/2s4slp6+dC0iXKYoI5W/3wY96QWqliI2xwnvevA== Completed in 28ms
148 timing reifyNode:node_modules/hoist-non-react-statics Completed in 468ms
149 http fetch GET 200 https://registry.npmjs.org/css-select 48ms (cache hit)
150 timing metavuln:packument:css-select Completed in 49ms
151 timing metavuln:load:security-advisory:css-select:q9W4Mnp2CLaC09BzzYywfkVmzHJt3Pfi70IxO1TfKO7ZrbohQ6/nxWo3z5u4rueV2a6cv2KwRNGkr8INdCPsAA== Completed in 1ms
152 timing metavuln:calculate:security-advisory:css-select:q9W4Mnp2CLaC09BzzYywfkVmzHJt3Pfi70IxO1TfKO7ZrbohQ6/nxWo3z5u4rueV2a6cv2KwRNGkr8INdCPsAA== Completed in 51ms
153 http fetch GET 200 https://registry.npmjs.org/@emotion/unitless/-/unitless-0.7.5.tgz 463ms (cache miss)
154 timing metavuln:cache:get:security-advisory:svgo:0505IGBCsLcG763PwR0Yit9arHQYlHm1It3auR+OOjX5CKb88KrcjEUM7C7TuJTr7sIri9shjQYUDOTjtJ7VxQ== Completed in 20ms
155 timing reifyNode:node_modules/@emotion/unitless Completed in 511ms
156 http fetch GET 200 https://registry.npmjs.org/svgo 38ms (cache hit)
157 timing metavuln:packument:svgo Completed in 41ms
158 timing metavuln:load:security-advisory:svgo:Cxw9fRDewmSWmgz2FKrA6NxOmfFcZUbDmGpLvLcdHOYo/u/2s4slp6+dC0iXKYoI5W/3wY96QWqliI2xwnvevA== Completed in 1ms
159 timing metavuln:calculate:security-advisory:svgo:Cxw9fRDewmSWmgz2FKrA6NxOmfFcZUbDmGpLvLcdHOYo/u/2s4slp6+dC0iXKYoI5W/3wY96QWqliI2xwnvevA== Completed in 42ms
160 timing metavuln:cache:get:security-advisory:@svgr/plugin-svgo:CqjIE74LUybGuzhbOcPvgfmJJ4AN+3Cmq9FzZDiCt1ELxnaKCAoZjGUaNxVFfq+HJFg9p5IcyhjSc8wXjotVFw== Completed in 22ms
161 http fetch GET 200 https://registry.npmjs.org/@svgr%2fplugin-svgo 42ms (cache hit)
162 timing metavuln:packument:@svgr/plugin-svgo Completed in 44ms
163 timing metavuln:load:security-advisory:@svgr/plugin-svgo:0505IGBCsLcG763PwR0Yit9arHQYlHm1It3auR+OOjX5CKb88KrcjEUM7C7TuJTr7sIri9shjQYUDOTjtJ7VxQ== Completed in 0ms
164 timing metavuln:calculate:security-advisory:@svgr/plugin-svgo:0505IGBCsLcG763PwR0Yit9arHQYlHm1It3auR+OOjX5CKb88KrcjEUM7C7TuJTr7sIri9shjQYUDOTjtJ7VxQ== Completed in 45ms
165 http fetch GET 200 https://registry.npmjs.org/babel-plugin-styled-components/-/babel-plugin-styled-components-2.0.7.tgz 548ms (cache miss)
166 http fetch GET 200 https://registry.npmjs.org/@emotion/is-prop-valid/-/is-prop-valid-1.1.3.tgz 546ms (cache miss)
167 timing reifyNode:node_modules/@emotion/is-prop-valid Completed in 592ms
168 timing reifyNode:node_modules/babel-plugin-styled-components Completed in 592ms
169 timing metavuln:cache:get:security-advisory:@svgr/webpack:6kGFeBaa+c/FiSh7gkidT8uneFtpq6JLmia0+ROmr6BVMW4bnUZ9bZd/dO+Squ13eCU8+LJ9HJjq2v7UKojEPA== Completed in 49ms
170 http fetch GET 200 https://registry.npmjs.org/css-to-react-native/-/css-to-react-native-3.0.0.tgz 599ms (cache miss)
171 timing reifyNode:node_modules/css-to-react-native Completed in 634ms
172 http fetch GET 200 https://registry.npmjs.org/@svgr%2fwebpack 58ms (cache hit)
173 timing metavuln:packument:@svgr/webpack Completed in 60ms
174 timing metavuln:load:security-advisory:@svgr/webpack:CqjIE74LUybGuzhbOcPvgfmJJ4AN+3Cmq9FzZDiCt1ELxnaKCAoZjGUaNxVFfq+HJFg9p5IcyhjSc8wXjotVFw== Completed in 1ms
175 timing metavuln:calculate:security-advisory:@svgr/webpack:CqjIE74LUybGuzhbOcPvgfmJJ4AN+3Cmq9FzZDiCt1ELxnaKCAoZjGUaNxVFfq+HJFg9p5IcyhjSc8wXjotVFw== Completed in 62ms
176 timing metavuln:cache:get:security-advisory:react-scripts:jzAvVcibtp6793goF6bMS+3REmxevJ33fk+CUpasW439H9DWo8HZryeL2vn3uGr5kT2MYZIC9lZQ2/rASfNe7w== Completed in 6ms
177 http fetch GET 200 https://registry.npmjs.org/react-scripts 13ms (cache hit)
178 timing metavuln:packument:react-scripts Completed in 22ms
179 timing metavuln:load:security-advisory:react-scripts:6kGFeBaa+c/FiSh7gkidT8uneFtpq6JLmia0+ROmr6BVMW4bnUZ9bZd/dO+Squ13eCU8+LJ9HJjq2v7UKojEPA== Completed in 2ms
180 timing metavuln:calculate:security-advisory:react-scripts:6kGFeBaa+c/FiSh7gkidT8uneFtpq6JLmia0+ROmr6BVMW4bnUZ9bZd/dO+Squ13eCU8+LJ9HJjq2v7UKojEPA== Completed in 24ms
181 timing auditReport:init Completed in 350ms
182 timing reify:audit Completed in 775ms
183 http fetch GET 200 https://registry.npmjs.org/@emotion/stylis/-/stylis-0.8.5.tgz 717ms (cache miss)
184 timing reifyNode:node_modules/@emotion/stylis Completed in 757ms
185 http fetch GET 200 https://registry.npmjs.org/styled-components/-/styled-components-5.3.5.tgz 2139ms (cache miss)
186 timing reifyNode:node_modules/styled-components Completed in 2183ms
187 timing reify:unpack Completed in 2184ms
188 timing reify:unretire Completed in 0ms
189 timing build:queue Completed in 9ms
190 info run styled-components@5.3.5 postinstall node_modules/styled-components node ./postinstall.js
191 info run styled-components@5.3.5 postinstall { code: 0, signal: null }
192 timing build:run:postinstall:node_modules/styled-components Completed in 239ms
193 timing build:run:postinstall Completed in 239ms
194 timing build:deps Completed in 249ms
195 timing build Completed in 249ms
196 timing reify:build Completed in 250ms
197 timing reify:trash Completed in 1ms
198 timing reify:save Completed in 1127ms
199 timing reify Completed in 14381ms
200 silly ADD node_modules/css-color-keywords
201 silly ADD node_modules/camelize
202 silly ADD node_modules/babel-plugin-syntax-jsx
203 silly ADD node_modules/@emotion/memoize
204 silly ADD node_modules/shallowequal
205 silly ADD node_modules/hoist-non-react-statics
206 silly ADD node_modules/hoist-non-react-statics/node_modules/react-is
207 silly ADD node_modules/css-to-react-native
208 silly ADD node_modules/babel-plugin-styled-components
209 silly ADD node_modules/@emotion/unitless
210 silly ADD node_modules/@emotion/stylis
211 silly ADD node_modules/@emotion/is-prop-valid
212 silly ADD node_modules/styled-components
213 silly ADD
214 timing command:i Completed in 14412ms
215 verbose exit 0
216 timing npm Completed in 14654ms
217 info ok
